<?xml version="1.0" encoding="UTF-8"?>
<testsuite xmlns:xsi="http://www.w3.org/2001/XMLSchema-instance" xsi:noNamespaceSchemaLocation="https://maven.apache.org/surefire/maven-surefire-plugin/xsd/surefire-test-report-3.0.xsd" version="3.0" name="in.spring.JagadhatriPujaSpringReactAppApplicationTests" time="4.184" tests="1" errors="0" skipped="0" failures="0">
  <properties>
[...]
</properties>
  <testcase name="contextLoads" classname="in.spring.JagadhatriPujaSpringReactAppApplicationTests" time="0.968">
    <system-out><![CDATA[21:36:55.266 [main] INFO org.springframework.test.context.support.AnnotationConfigContextLoaderUtils -- Could not detect default configuration classes for test class [in.spring.JagadhatriPujaSpringReactAppApplicationTests]: JagadhatriPujaSpringReactAppApplicationTests does not declare any static, non-private, non-final, nested classes annotated with @Configuration.
21:36:55.422 [main] INFO org.springframework.boot.test.context.SpringBootTestContextBootstrapper -- Found @SpringBootConfiguration in.spring.JagadhatriPujaSpringReactAppApplication for test class in.spring.JagadhatriPujaSpringReactAppApplicationTests
21:36:55.651 [main] INFO org.springframework.boot.devtools.restart.RestartApplicationListener -- Restart disabled due to context in which it is running

  .   ____          _            __ _ _
 /\\ / ___'_ __ _ _(_)_ __  __ _ \ \ \ \
( ( )\___ | '_ | '_| | '_ \/ _` | \ \ \ \
 \\/  ___)| |_)| | | | | || (_| |  ) ) ) )
  '  |____| .__|_| |_|_| |_\__, | / / / /
 =========|_|==============|___/=/_/_/_/

 :: Spring Boot ::                (v3.3.2)

2024-11-14T21:36:55.910+05:30  INFO 4392 --- [JagadhatriPuja_Spring_React_App] [           main] dhatriPujaSpringReactAppApplicationTests : Starting JagadhatriPujaSpringReactAppApplicationTests using Java 17.0.10 with PID 4392 (started by ASUS in D:\STS_Workspace01\JagadhatriPuja_Spring_React_App)
2024-11-14T21:36:55.912+05:30  INFO 4392 --- [JagadhatriPuja_Spring_React_App] [           main] dhatriPujaSpringReactAppApplicationTests : No active profile set, falling back to 1 default profile: "default"
2024-11-14T21:36:56.600+05:30  INFO 4392 --- [JagadhatriPuja_Spring_React_App] [           main] .s.d.r.c.RepositoryConfigurationDelegate : Bootstrapping Spring Data MongoDB repositories in DEFAULT mode.
2024-11-14T21:36:56.671+05:30  INFO 4392 --- [JagadhatriPuja_Spring_React_App] [           main] .s.d.r.c.RepositoryConfigurationDelegate : Finished Spring Data repository scanning in 66 ms. Found 1 MongoDB repository interface.
2024-11-14T21:36:57.283+05:30  INFO 4392 --- [JagadhatriPuja_Spring_React_App] [           main] org.mongodb.driver.client                : MongoClient with metadata {"driver": {"name": "mongo-java-driver|sync|spring-boot", "version": "5.0.1"}, "os": {"type": "Windows", "name": "Windows 11", "architecture": "amd64", "version": "10.0"}, "platform": "Java/Eclipse Adoptium/17.0.10+7"} created with settings MongoClientSettings{readPreference=primary, writeConcern=WriteConcern{w=majority, wTimeout=null ms, journal=null}, retryWrites=true, retryReads=true, readConcern=ReadConcern{level=null}, credential=MongoCredential{mechanism=null, userName='system', source='admin', password=<hidden>, mechanismProperties=<hidden>}, transportSettings=null, commandListeners=[], codecRegistry=ProvidersCodecRegistry{codecProviders=[ValueCodecProvider{}, BsonValueCodecProvider{}, DBRefCodecProvider{}, DBObjectCodecProvider{}, DocumentCodecProvider{}, CollectionCodecProvider{}, IterableCodecProvider{}, MapCodecProvider{}, GeoJsonCodecProvider{}, GridFSFileCodecProvider{}, Jsr310CodecProvider{}, JsonObjectCodecProvider{}, BsonCodecProvider{}, EnumCodecProvider{}, com.mongodb.client.model.mql.ExpressionCodecProvider@36068727, com.mongodb.Jep395RecordCodecProvider@72543547, com.mongodb.KotlinCodecProvider@3d88e6b9]}, loggerSettings=LoggerSettings{maxDocumentLength=1000}, clusterSettings={hosts=[127.0.0.1:27017], srvHost=mymongodb.vbqay2j.mongodb.net, srvServiceName=mongodb, mode=MULTIPLE, requiredClusterType=REPLICA_SET, requiredReplicaSetName='atlas-13rqoy-shard-0', serverSelector='null', clusterListeners='[]', serverSelectionTimeout='30000 ms', localThreshold='15 ms'}, socketSettings=SocketSettings{connectTimeoutMS=10000, readTimeoutMS=0, receiveBufferSize=0, proxySettings=ProxySettings{host=null, port=null, username=null, password=null}}, heartbeatSocketSettings=SocketSettings{connectTimeoutMS=10000, readTimeoutMS=10000, receiveBufferSize=0, proxySettings=ProxySettings{host=null, port=null, username=null, password=null}}, connectionPoolSettings=ConnectionPoolSettings{maxSize=100, minSize=0, maxWaitTimeMS=120000, maxConnectionLifeTimeMS=0, maxConnectionIdleTimeMS=0, maintenanceInitialDelayMS=0, maintenanceFrequencyMS=60000, connectionPoolListeners=[], maxConnecting=2}, serverSettings=ServerSettings{heartbeatFrequencyMS=10000, minHeartbeatFrequencyMS=500, serverListeners='[]', serverMonitorListeners='[]'}, sslSettings=SslSettings{enabled=true, invalidHostNameAllowed=false, context=null}, applicationName='null', compressorList=[], uuidRepresentation=JAVA_LEGACY, serverApi=null, autoEncryptionSettings=null, dnsClient=null, inetAddressResolver=null, contextProvider=null}
2024-11-14T21:36:57.450+05:30  INFO 4392 --- [JagadhatriPuja_Spring_React_App] [y2j.mongodb.net] org.mongodb.driver.cluster               : Adding discovered server ac-8nmjzvm-shard-00-00.vbqay2j.mongodb.net:27017 to client view of cluster
2024-11-14T21:36:57.491+05:30  INFO 4392 --- [JagadhatriPuja_Spring_React_App] [y2j.mongodb.net] org.mongodb.driver.cluster               : Adding discovered server ac-8nmjzvm-shard-00-01.vbqay2j.mongodb.net:27017 to client view of cluster
2024-11-14T21:36:57.494+05:30  INFO 4392 --- [JagadhatriPuja_Spring_React_App] [y2j.mongodb.net] org.mongodb.driver.cluster               : Adding discovered server ac-8nmjzvm-shard-00-02.vbqay2j.mongodb.net:27017 to client view of cluster
2024-11-14T21:36:58.158+05:30  INFO 4392 --- [JagadhatriPuja_Spring_React_App] [ngodb.net:27017] org.mongodb.driver.cluster               : Monitor thread successfully connected to server with description ServerDescription{address=ac-8nmjzvm-shard-00-01.vbqay2j.mongodb.net:27017, type=REPLICA_SET_PRIMARY, state=CONNECTED, ok=true, minWireVersion=0, maxWireVersion=21, maxDocumentSize=16777216, logicalSessionTimeoutMinutes=30, roundTripTimeNanos=280830300, setName='atlas-13rqoy-shard-0', canonicalAddress=ac-8nmjzvm-shard-00-01.vbqay2j.mongodb.net:27017, hosts=[ac-8nmjzvm-shard-00-02.vbqay2j.mongodb.net:27017, ac-8nmjzvm-shard-00-01.vbqay2j.mongodb.net:27017, ac-8nmjzvm-shard-00-00.vbqay2j.mongodb.net:27017], passives=[], arbiters=[], primary='ac-8nmjzvm-shard-00-01.vbqay2j.mongodb.net:27017', tagSet=TagSet{[Tag{name='availabilityZone', value='aps1-az3'}, Tag{name='diskState', value='READY'}, Tag{name='nodeType', value='ELECTABLE'}, Tag{name='provider', value='AWS'}, Tag{name='region', value='AP_SOUTH_1'}, Tag{name='workloadType', value='OPERATIONAL'}]}, electionId=7fffffff0000000000000372, setVersion=210, topologyVersion=TopologyVersion{processId=67359260b4d711a95aee467e, counter=9}, lastWriteDate=Thu Nov 14 21:37:32 IST 2024, lastUpdateTimeNanos=37112175737100}
2024-11-14T21:36:58.158+05:30  INFO 4392 --- [JagadhatriPuja_Spring_React_App] [ngodb.net:27017] org.mongodb.driver.cluster               : Monitor thread successfully connected to server with description ServerDescription{address=ac-8nmjzvm-shard-00-00.vbqay2j.mongodb.net:27017, type=REPLICA_SET_SECONDARY, state=CONNECTED, ok=true, minWireVersion=0, maxWireVersion=21, maxDocumentSize=16777216, logicalSessionTimeoutMinutes=30, roundTripTimeNanos=277435800, setName='atlas-13rqoy-shard-0', canonicalAddress=ac-8nmjzvm-shard-00-00.vbqay2j.mongodb.net:27017, hosts=[ac-8nmjzvm-shard-00-02.vbqay2j.mongodb.net:27017, ac-8nmjzvm-shard-00-01.vbqay2j.mongodb.net:27017, ac-8nmjzvm-shard-00-00.vbqay2j.mongodb.net:27017], passives=[], arbiters=[], primary='ac-8nmjzvm-shard-00-01.vbqay2j.mongodb.net:27017', tagSet=TagSet{[Tag{name='availabilityZone', value='aps1-az1'}, Tag{name='diskState', value='READY'}, Tag{name='nodeType', value='ELECTABLE'}, Tag{name='provider', value='AWS'}, Tag{name='region', value='AP_SOUTH_1'}, Tag{name='workloadType', value='OPERATIONAL'}]}, electionId=null, setVersion=210, topologyVersion=TopologyVersion{processId=6735934814b2987924828419, counter=5}, lastWriteDate=Thu Nov 14 21:37:32 IST 2024, lastUpdateTimeNanos=37112175871100}
2024-11-14T21:36:58.158+05:30  INFO 4392 --- [JagadhatriPuja_Spring_React_App] [ngodb.net:27017] org.mongodb.driver.cluster               : Monitor thread successfully connected to server with description ServerDescription{address=ac-8nmjzvm-shard-00-02.vbqay2j.mongodb.net:27017, type=REPLICA_SET_SECONDARY, state=CONNECTED, ok=true, minWireVersion=0, maxWireVersion=21, maxDocumentSize=16777216, logicalSessionTimeoutMinutes=30, roundTripTimeNanos=281001000, setName='atlas-13rqoy-shard-0', canonicalAddress=ac-8nmjzvm-shard-00-02.vbqay2j.mongodb.net:27017, hosts=[ac-8nmjzvm-shard-00-02.vbqay2j.mongodb.net:27017, ac-8nmjzvm-shard-00-01.vbqay2j.mongodb.net:27017, ac-8nmjzvm-shard-00-00.vbqay2j.mongodb.net:27017], passives=[], arbiters=[], primary='ac-8nmjzvm-shard-00-01.vbqay2j.mongodb.net:27017', tagSet=TagSet{[Tag{name='availabilityZone', value='aps1-az2'}, Tag{name='diskState', value='READY'}, Tag{name='nodeType', value='ELECTABLE'}, Tag{name='provider', value='AWS'}, Tag{name='region', value='AP_SOUTH_1'}, Tag{name='workloadType', value='OPERATIONAL'}]}, electionId=null, setVersion=210, topologyVersion=TopologyVersion{processId=67359494b04cb3bde7252fbe, counter=5}, lastWriteDate=Thu Nov 14 21:37:32 IST 2024, lastUpdateTimeNanos=37112175862300}
2024-11-14T21:36:58.163+05:30  INFO 4392 --- [JagadhatriPuja_Spring_React_App] [ngodb.net:27017] org.mongodb.driver.cluster               : Discovered replica set primary ac-8nmjzvm-shard-00-01.vbqay2j.mongodb.net:27017 with max election id 7fffffff0000000000000372 and max set version 210
2024-11-14T21:36:58.277+05:30  INFO 4392 --- [JagadhatriPuja_Spring_React_App] [           main] dhatriPujaSpringReactAppApplicationTests : Started JagadhatriPujaSpringReactAppApplicationTests in 2.642 seconds (process running for 4.172)
]]></system-out>
  </testcase>
</testsuite>