<?xml version="1.0" encoding="UTF-8"?>
<testsuite xmlns:xsi="http://www.w3.org/2001/XMLSchema-instance" xsi:noNamespaceSchemaLocation="https://maven.apache.org/surefire/maven-surefire-plugin/xsd/surefire-test-report-3.0.xsd" version="3.0" name="in.spring.JagadhatriPujaSpringReactAppApplicationTests" time="3.352" tests="1" errors="0" skipped="0" failures="0">
  <properties>
[...]
</properties>
  <testcase name="contextLoads" classname="in.spring.JagadhatriPujaSpringReactAppApplicationTests" time="0.736">
    <system-out><![CDATA[13:18:52.136 [main] INFO org.springframework.test.context.support.AnnotationConfigContextLoaderUtils -- Could not detect default configuration classes for test class [in.spring.JagadhatriPujaSpringReactAppApplicationTests]: JagadhatriPujaSpringReactAppApplicationTests does not declare any static, non-private, non-final, nested classes annotated with @Configuration.
13:18:52.222 [main] INFO org.springframework.boot.test.context.SpringBootTestContextBootstrapper -- Found @SpringBootConfiguration in.spring.JagadhatriPujaSpringReactAppApplication for test class in.spring.JagadhatriPujaSpringReactAppApplicationTests
13:18:52.374 [main] INFO org.springframework.boot.devtools.restart.RestartApplicationListener -- Restart disabled due to context in which it is running

  .   ____          _            __ _ _
 /\\ / ___'_ __ _ _(_)_ __  __ _ \ \ \ \
( ( )\___ | '_ | '_| | '_ \/ _` | \ \ \ \
 \\/  ___)| |_)| | | | | || (_| |  ) ) ) )
  '  |____| .__|_| |_|_| |_\__, | / / / /
 =========|_|==============|___/=/_/_/_/

 :: Spring Boot ::                (v3.3.2)

2025-11-08T13:18:52.614+05:30  INFO 5528 --- [JagadhatriPuja_Spring_React_App] [           main] dhatriPujaSpringReactAppApplicationTests : Starting JagadhatriPujaSpringReactAppApplicationTests using Java 17.0.12 with PID 5528 (started by Abhigan in D:\Programming_Editors_DB_Softwares\STS\STS_Workspace\sb-jagadhatri-api)
2025-11-08T13:18:52.615+05:30  INFO 5528 --- [JagadhatriPuja_Spring_React_App] [           main] dhatriPujaSpringReactAppApplicationTests : No active profile set, falling back to 1 default profile: "default"
2025-11-08T13:18:53.201+05:30  INFO 5528 --- [JagadhatriPuja_Spring_React_App] [           main] .s.d.r.c.RepositoryConfigurationDelegate : Bootstrapping Spring Data MongoDB repositories in DEFAULT mode.
2025-11-08T13:18:53.263+05:30  INFO 5528 --- [JagadhatriPuja_Spring_React_App] [           main] .s.d.r.c.RepositoryConfigurationDelegate : Finished Spring Data repository scanning in 58 ms. Found 1 MongoDB repository interface.
2025-11-08T13:18:53.733+05:30  INFO 5528 --- [JagadhatriPuja_Spring_React_App] [           main] org.mongodb.driver.client                : MongoClient with metadata {"driver": {"name": "mongo-java-driver|sync|spring-boot", "version": "5.0.1"}, "os": {"type": "Windows", "name": "Windows 11", "architecture": "amd64", "version": "10.0"}, "platform": "Java/Oracle Corporation/17.0.12+8-LTS-286"} created with settings MongoClientSettings{readPreference=primary, writeConcern=WriteConcern{w=majority, wTimeout=null ms, journal=null}, retryWrites=true, retryReads=true, readConcern=ReadConcern{level=null}, credential=MongoCredential{mechanism=null, userName='system', source='admin', password=<hidden>, mechanismProperties=<hidden>}, transportSettings=null, commandListeners=[], codecRegistry=ProvidersCodecRegistry{codecProviders=[ValueCodecProvider{}, BsonValueCodecProvider{}, DBRefCodecProvider{}, DBObjectCodecProvider{}, DocumentCodecProvider{}, CollectionCodecProvider{}, IterableCodecProvider{}, MapCodecProvider{}, GeoJsonCodecProvider{}, GridFSFileCodecProvider{}, Jsr310CodecProvider{}, JsonObjectCodecProvider{}, BsonCodecProvider{}, EnumCodecProvider{}, com.mongodb.client.model.mql.ExpressionCodecProvider@2ceee4b6, com.mongodb.Jep395RecordCodecProvider@12a470dd, com.mongodb.KotlinCodecProvider@6968bcec]}, loggerSettings=LoggerSettings{maxDocumentLength=1000}, clusterSettings={hosts=[127.0.0.1:27017], srvHost=mymongodb.vbqay2j.mongodb.net, srvServiceName=mongodb, mode=MULTIPLE, requiredClusterType=REPLICA_SET, requiredReplicaSetName='atlas-13rqoy-shard-0', serverSelector='null', clusterListeners='[]', serverSelectionTimeout='30000 ms', localThreshold='15 ms'}, socketSettings=SocketSettings{connectTimeoutMS=10000, readTimeoutMS=0, receiveBufferSize=0, proxySettings=ProxySettings{host=null, port=null, username=null, password=null}}, heartbeatSocketSettings=SocketSettings{connectTimeoutMS=10000, readTimeoutMS=10000, receiveBufferSize=0, proxySettings=ProxySettings{host=null, port=null, username=null, password=null}}, connectionPoolSettings=ConnectionPoolSettings{maxSize=100, minSize=0, maxWaitTimeMS=120000, maxConnectionLifeTimeMS=0, maxConnectionIdleTimeMS=0, maintenanceInitialDelayMS=0, maintenanceFrequencyMS=60000, connectionPoolListeners=[], maxConnecting=2}, serverSettings=ServerSettings{heartbeatFrequencyMS=10000, minHeartbeatFrequencyMS=500, serverListeners='[]', serverMonitorListeners='[]'}, sslSettings=SslSettings{enabled=true, invalidHostNameAllowed=false, context=null}, applicationName='null', compressorList=[], uuidRepresentation=JAVA_LEGACY, serverApi=null, autoEncryptionSettings=null, dnsClient=null, inetAddressResolver=null, contextProvider=null}
2025-11-08T13:18:53.780+05:30  INFO 5528 --- [JagadhatriPuja_Spring_React_App] [y2j.mongodb.net] org.mongodb.driver.cluster               : Adding discovered server ac-8nmjzvm-shard-00-00.vbqay2j.mongodb.net:27017 to client view of cluster
2025-11-08T13:18:53.814+05:30  INFO 5528 --- [JagadhatriPuja_Spring_React_App] [y2j.mongodb.net] org.mongodb.driver.cluster               : Adding discovered server ac-8nmjzvm-shard-00-01.vbqay2j.mongodb.net:27017 to client view of cluster
2025-11-08T13:18:53.817+05:30  INFO 5528 --- [JagadhatriPuja_Spring_React_App] [y2j.mongodb.net] org.mongodb.driver.cluster               : Adding discovered server ac-8nmjzvm-shard-00-02.vbqay2j.mongodb.net:27017 to client view of cluster
2025-11-08T13:18:54.304+05:30  INFO 5528 --- [JagadhatriPuja_Spring_React_App] [ngodb.net:27017] org.mongodb.driver.cluster               : Monitor thread successfully connected to server with description ServerDescription{address=ac-8nmjzvm-shard-00-01.vbqay2j.mongodb.net:27017, type=REPLICA_SET_SECONDARY, state=CONNECTED, ok=true, minWireVersion=0, maxWireVersion=25, maxDocumentSize=16777216, logicalSessionTimeoutMinutes=30, roundTripTimeNanos=226039800, setName='atlas-13rqoy-shard-0', canonicalAddress=ac-8nmjzvm-shard-00-01.vbqay2j.mongodb.net:27017, hosts=[ac-8nmjzvm-shard-00-02.vbqay2j.mongodb.net:27017, ac-8nmjzvm-shard-00-01.vbqay2j.mongodb.net:27017, ac-8nmjzvm-shard-00-00.vbqay2j.mongodb.net:27017], passives=[], arbiters=[], primary='ac-8nmjzvm-shard-00-02.vbqay2j.mongodb.net:27017', tagSet=TagSet{[Tag{name='availabilityZone', value='aps1-az3'}, Tag{name='diskState', value='READY'}, Tag{name='nodeType', value='ELECTABLE'}, Tag{name='provider', value='AWS'}, Tag{name='region', value='AP_SOUTH_1'}, Tag{name='workloadType', value='OPERATIONAL'}]}, electionId=null, setVersion=243, topologyVersion=TopologyVersion{processId=690a1dcf306e0815de11b962, counter=3}, lastWriteDate=Sat Nov 08 13:18:54 IST 2025, lastUpdateTimeNanos=59963631368800}
2025-11-08T13:18:54.304+05:30  INFO 5528 --- [JagadhatriPuja_Spring_React_App] [ngodb.net:27017] org.mongodb.driver.cluster               : Monitor thread successfully connected to server with description ServerDescription{address=ac-8nmjzvm-shard-00-00.vbqay2j.mongodb.net:27017, type=REPLICA_SET_SECONDARY, state=CONNECTED, ok=true, minWireVersion=0, maxWireVersion=25, maxDocumentSize=16777216, logicalSessionTimeoutMinutes=30, roundTripTimeNanos=219205500, setName='atlas-13rqoy-shard-0', canonicalAddress=ac-8nmjzvm-shard-00-00.vbqay2j.mongodb.net:27017, hosts=[ac-8nmjzvm-shard-00-02.vbqay2j.mongodb.net:27017, ac-8nmjzvm-shard-00-01.vbqay2j.mongodb.net:27017, ac-8nmjzvm-shard-00-00.vbqay2j.mongodb.net:27017], passives=[], arbiters=[], primary='ac-8nmjzvm-shard-00-02.vbqay2j.mongodb.net:27017', tagSet=TagSet{[Tag{name='availabilityZone', value='aps1-az1'}, Tag{name='diskState', value='READY'}, Tag{name='nodeType', value='ELECTABLE'}, Tag{name='provider', value='AWS'}, Tag{name='region', value='AP_SOUTH_1'}, Tag{name='workloadType', value='OPERATIONAL'}]}, electionId=null, setVersion=243, topologyVersion=TopologyVersion{processId=690a18630b2375a4b37444bd, counter=4}, lastWriteDate=Sat Nov 08 13:18:54 IST 2025, lastUpdateTimeNanos=59963631368800}
2025-11-08T13:18:54.304+05:30  INFO 5528 --- [JagadhatriPuja_Spring_React_App] [ngodb.net:27017] org.mongodb.driver.cluster               : Monitor thread successfully connected to server with description ServerDescription{address=ac-8nmjzvm-shard-00-02.vbqay2j.mongodb.net:27017, type=REPLICA_SET_PRIMARY, state=CONNECTED, ok=true, minWireVersion=0, maxWireVersion=25, maxDocumentSize=16777216, logicalSessionTimeoutMinutes=30, roundTripTimeNanos=281003600, setName='atlas-13rqoy-shard-0', canonicalAddress=ac-8nmjzvm-shard-00-02.vbqay2j.mongodb.net:27017, hosts=[ac-8nmjzvm-shard-00-02.vbqay2j.mongodb.net:27017, ac-8nmjzvm-shard-00-01.vbqay2j.mongodb.net:27017, ac-8nmjzvm-shard-00-00.vbqay2j.mongodb.net:27017], passives=[], arbiters=[], primary='ac-8nmjzvm-shard-00-02.vbqay2j.mongodb.net:27017', tagSet=TagSet{[Tag{name='availabilityZone', value='aps1-az2'}, Tag{name='diskState', value='READY'}, Tag{name='nodeType', value='ELECTABLE'}, Tag{name='provider', value='AWS'}, Tag{name='region', value='AP_SOUTH_1'}, Tag{name='workloadType', value='OPERATIONAL'}]}, electionId=7fffffff00000000000003b9, setVersion=243, topologyVersion=TopologyVersion{processId=690a1b54aa79c680cf484e1e, counter=6}, lastWriteDate=Sat Nov 08 13:18:54 IST 2025, lastUpdateTimeNanos=59963631506300}
2025-11-08T13:18:54.308+05:30  INFO 5528 --- [JagadhatriPuja_Spring_React_App] [ngodb.net:27017] org.mongodb.driver.cluster               : Discovered replica set primary ac-8nmjzvm-shard-00-02.vbqay2j.mongodb.net:27017 with max election id 7fffffff00000000000003b9 and max set version 243
2025-11-08T13:18:54.597+05:30  INFO 5528 --- [JagadhatriPuja_Spring_React_App] [           main] dhatriPujaSpringReactAppApplicationTests : Started JagadhatriPujaSpringReactAppApplicationTests in 2.233 seconds (process running for 3.07)
]]></system-out>
  </testcase>
</testsuite>